*** Starting uWSGI 2.0.15 (64bit) on [Wed Oct 18 21:09:23 2017] ***
compiled with version: 4.8.4 on 18 October 2017 20:55:10
os: Linux-4.9.49-moby #1 SMP Wed Sep 27 00:36:29 UTC 2017
nodename: 45eefd8aff7b
machine: x86_64
clock source: unix
detected number of CPU cores: 2
current working directory: /
detected binary path: /usr/local/bin/uwsgi
!!! no internal routing support, rebuild with pcre support !!!
uWSGI running as root, you can use --uid/--gid/--chroot options
*** WARNING: you are running uWSGI as root !!! (use the --uid flag) *** 
chdir() to /var/www/app
*** WARNING: you are running uWSGI without its master process manager ***
your memory page size is 4096 bytes
detected max file descriptor number: 1048576
lock engine: pthread robust mutexes
thunder lock: disabled (you can enable it with --thunder-lock)
uwsgi socket 0 bound to UNIX address /var/www/app/uwsgi.sock fd 3
Python version: 3.4.3 (default, Nov 17 2016, 01:12:14)  [GCC 4.8.4]
*** Python threads support is disabled. You can enable it with --enable-threads ***
Python main interpreter initialized at 0xeaedf0
your server socket listen backlog is limited to 100 connections
your mercy for graceful operations on workers is 60 seconds
mapped 72768 bytes (71 KB) for 1 cores
*** Operational MODE: single process ***
WSGI app 0 (mountpoint='') ready in 0 seconds on interpreter 0xeaedf0 pid: 8 (default app)
*** uWSGI is running in multiple interpreter mode ***
spawned uWSGI worker 1 (and the only) (pid: 8, cores: 1)
[pid: 8|app: 0|req: 1/1] 172.19.0.1 () {44 vars in 904 bytes} [Wed Oct 18 21:09:30 2017] GET / => generated 22609 bytes in 10 msecs (HTTP/1.1 200) 2 headers in 82 bytes (1 switches on core 0)
*** Starting uWSGI 2.0.15 (64bit) on [Wed Oct 18 21:12:02 2017] ***
compiled with version: 4.8.4 on 18 October 2017 20:55:10
os: Linux-4.9.49-moby #1 SMP Wed Sep 27 00:36:29 UTC 2017
nodename: 1cafcbde741e
machine: x86_64
clock source: unix
detected number of CPU cores: 2
current working directory: /
detected binary path: /usr/local/bin/uwsgi
!!! no internal routing support, rebuild with pcre support !!!
uWSGI running as root, you can use --uid/--gid/--chroot options
*** WARNING: you are running uWSGI as root !!! (use the --uid flag) *** 
chdir() to /var/www/app
*** WARNING: you are running uWSGI without its master process manager ***
your memory page size is 4096 bytes
detected max file descriptor number: 1048576
lock engine: pthread robust mutexes
thunder lock: disabled (you can enable it with --thunder-lock)
uwsgi socket 0 bound to UNIX address /var/www/app/uwsgi.sock fd 3
Python version: 3.4.3 (default, Nov 17 2016, 01:12:14)  [GCC 4.8.4]
*** Python threads support is disabled. You can enable it with --enable-threads ***
Python main interpreter initialized at 0x25f1df0
your server socket listen backlog is limited to 100 connections
your mercy for graceful operations on workers is 60 seconds
mapped 72768 bytes (71 KB) for 1 cores
*** Operational MODE: single process ***
WSGI app 0 (mountpoint='') ready in 0 seconds on interpreter 0x25f1df0 pid: 9 (default app)
*** uWSGI is running in multiple interpreter mode ***
spawned uWSGI worker 1 (and the only) (pid: 9, cores: 1)
[pid: 9|app: 0|req: 1/1] 172.19.0.1 () {44 vars in 904 bytes} [Wed Oct 18 21:12:15 2017] GET / => generated 22615 bytes in 12 msecs (HTTP/1.1 200) 2 headers in 82 bytes (1 switches on core 0)
*** Starting uWSGI 2.0.15 (64bit) on [Wed Oct 18 21:13:02 2017] ***
compiled with version: 4.8.4 on 18 October 2017 20:55:10
os: Linux-4.9.49-moby #1 SMP Wed Sep 27 00:36:29 UTC 2017
nodename: 2271d2a3ac6a
machine: x86_64
clock source: unix
detected number of CPU cores: 2
current working directory: /
detected binary path: /usr/local/bin/uwsgi
!!! no internal routing support, rebuild with pcre support !!!
uWSGI running as root, you can use --uid/--gid/--chroot options
*** WARNING: you are running uWSGI as root !!! (use the --uid flag) *** 
chdir() to /var/www/app
*** WARNING: you are running uWSGI without its master process manager ***
your memory page size is 4096 bytes
detected max file descriptor number: 1048576
lock engine: pthread robust mutexes
thunder lock: disabled (you can enable it with --thunder-lock)
uwsgi socket 0 bound to UNIX address /var/www/app/uwsgi.sock fd 3
Python version: 3.4.3 (default, Nov 17 2016, 01:12:14)  [GCC 4.8.4]
*** Python threads support is disabled. You can enable it with --enable-threads ***
Python main interpreter initialized at 0x7efda0
your server socket listen backlog is limited to 100 connections
your mercy for graceful operations on workers is 60 seconds
mapped 72768 bytes (71 KB) for 1 cores
*** Operational MODE: single process ***
WSGI app 0 (mountpoint='') ready in 0 seconds on interpreter 0x7efda0 pid: 8 (default app)
*** uWSGI is running in multiple interpreter mode ***
spawned uWSGI worker 1 (and the only) (pid: 8, cores: 1)
[pid: 8|app: 0|req: 1/1] 172.19.0.1 () {44 vars in 904 bytes} [Wed Oct 18 21:13:06 2017] GET / => generated 22595 bytes in 12 msecs (HTTP/1.1 200) 2 headers in 82 bytes (1 switches on core 0)
*** Starting uWSGI 2.0.15 (64bit) on [Wed Oct 18 21:21:34 2017] ***
compiled with version: 4.8.4 on 18 October 2017 20:55:10
os: Linux-4.9.49-moby #1 SMP Wed Sep 27 00:36:29 UTC 2017
nodename: 3f110076674c
machine: x86_64
clock source: unix
detected number of CPU cores: 2
current working directory: /
detected binary path: /usr/local/bin/uwsgi
!!! no internal routing support, rebuild with pcre support !!!
uWSGI running as root, you can use --uid/--gid/--chroot options
*** WARNING: you are running uWSGI as root !!! (use the --uid flag) *** 
chdir() to /var/www/app
*** WARNING: you are running uWSGI without its master process manager ***
your memory page size is 4096 bytes
detected max file descriptor number: 1048576
lock engine: pthread robust mutexes
thunder lock: disabled (you can enable it with --thunder-lock)
uwsgi socket 0 bound to UNIX address /var/www/app/uwsgi.sock fd 3
Python version: 3.4.3 (default, Nov 17 2016, 01:12:14)  [GCC 4.8.4]
*** Python threads support is disabled. You can enable it with --enable-threads ***
Python main interpreter initialized at 0x207ede0
your server socket listen backlog is limited to 100 connections
your mercy for graceful operations on workers is 60 seconds
mapped 72768 bytes (71 KB) for 1 cores
*** Operational MODE: single process ***
WSGI app 0 (mountpoint='') ready in 0 seconds on interpreter 0x207ede0 pid: 8 (default app)
*** uWSGI is running in multiple interpreter mode ***
spawned uWSGI worker 1 (and the only) (pid: 8, cores: 1)
[pid: 8|app: 0|req: 1/1] 172.19.0.1 () {42 vars in 873 bytes} [Wed Oct 18 21:21:44 2017] GET / => generated 22595 bytes in 20 msecs (HTTP/1.1 200) 2 headers in 82 bytes (1 switches on core 0)
*** Starting uWSGI 2.0.15 (64bit) on [Wed Oct 18 21:28:04 2017] ***
compiled with version: 4.8.4 on 18 October 2017 21:26:37
os: Linux-4.9.49-moby #1 SMP Wed Sep 27 00:36:29 UTC 2017
nodename: 9e1118245062
machine: x86_64
clock source: unix
detected number of CPU cores: 2
current working directory: /
detected binary path: /usr/local/bin/uwsgi
!!! no internal routing support, rebuild with pcre support !!!
uWSGI running as root, you can use --uid/--gid/--chroot options
*** WARNING: you are running uWSGI as root !!! (use the --uid flag) *** 
chdir() to /var/www/app
*** WARNING: you are running uWSGI without its master process manager ***
your memory page size is 4096 bytes
detected max file descriptor number: 1048576
lock engine: pthread robust mutexes
thunder lock: disabled (you can enable it with --thunder-lock)
uwsgi socket 0 bound to UNIX address /var/www/app/uwsgi.sock fd 3
Python version: 3.4.3 (default, Nov 17 2016, 01:12:14)  [GCC 4.8.4]
*** Python threads support is disabled. You can enable it with --enable-threads ***
Python main interpreter initialized at 0x17f8de0
your server socket listen backlog is limited to 100 connections
your mercy for graceful operations on workers is 60 seconds
mapped 72768 bytes (71 KB) for 1 cores
*** Operational MODE: single process ***
WSGI app 0 (mountpoint='') ready in 0 seconds on interpreter 0x17f8de0 pid: 9 (default app)
*** uWSGI is running in multiple interpreter mode ***
spawned uWSGI worker 1 (and the only) (pid: 9, cores: 1)
*** Starting uWSGI 2.0.15 (64bit) on [Wed Oct 18 21:39:13 2017] ***
compiled with version: 4.8.4 on 18 October 2017 21:26:37
os: Linux-4.9.49-moby #1 SMP Wed Sep 27 00:36:29 UTC 2017
nodename: 5b05034fa26b
machine: x86_64
clock source: unix
detected number of CPU cores: 2
current working directory: /
detected binary path: /usr/local/bin/uwsgi
!!! no internal routing support, rebuild with pcre support !!!
uWSGI running as root, you can use --uid/--gid/--chroot options
*** WARNING: you are running uWSGI as root !!! (use the --uid flag) *** 
chdir() to /var/www/app
*** WARNING: you are running uWSGI without its master process manager ***
your memory page size is 4096 bytes
detected max file descriptor number: 1048576
lock engine: pthread robust mutexes
thunder lock: disabled (you can enable it with --thunder-lock)
uwsgi socket 0 bound to UNIX address /var/www/app/uwsgi.sock fd 3
Python version: 3.4.3 (default, Nov 17 2016, 01:12:14)  [GCC 4.8.4]
*** Python threads support is disabled. You can enable it with --enable-threads ***
Python main interpreter initialized at 0x2508e00
your server socket listen backlog is limited to 100 connections
your mercy for graceful operations on workers is 60 seconds
mapped 72768 bytes (71 KB) for 1 cores
*** Operational MODE: single process ***
WSGI app 0 (mountpoint='') ready in 1 seconds on interpreter 0x2508e00 pid: 8 (default app)
*** uWSGI is running in multiple interpreter mode ***
spawned uWSGI worker 1 (and the only) (pid: 8, cores: 1)
*** Starting uWSGI 2.0.15 (64bit) on [Wed Oct 18 21:43:45 2017] ***
compiled with version: 4.8.4 on 18 October 2017 21:26:37
os: Linux-4.9.49-moby #1 SMP Wed Sep 27 00:36:29 UTC 2017
nodename: 5b05034fa26b
machine: x86_64
clock source: unix
detected number of CPU cores: 2
current working directory: /
detected binary path: /usr/local/bin/uwsgi
!!! no internal routing support, rebuild with pcre support !!!
uWSGI running as root, you can use --uid/--gid/--chroot options
*** WARNING: you are running uWSGI as root !!! (use the --uid flag) *** 
chdir() to /var/www/app
*** WARNING: you are running uWSGI without its master process manager ***
your memory page size is 4096 bytes
detected max file descriptor number: 1048576
lock engine: pthread robust mutexes
thunder lock: disabled (you can enable it with --thunder-lock)
uwsgi socket 0 bound to UNIX address /var/www/app/uwsgi.sock fd 3
Python version: 3.4.3 (default, Nov 17 2016, 01:12:14)  [GCC 4.8.4]
*** Python threads support is disabled. You can enable it with --enable-threads ***
Python main interpreter initialized at 0x23c8e00
your server socket listen backlog is limited to 100 connections
your mercy for graceful operations on workers is 60 seconds
mapped 72768 bytes (71 KB) for 1 cores
*** Operational MODE: single process ***
WSGI app 0 (mountpoint='') ready in 0 seconds on interpreter 0x23c8e00 pid: 8 (default app)
*** uWSGI is running in multiple interpreter mode ***
spawned uWSGI worker 1 (and the only) (pid: 8, cores: 1)
[2017-10-18 21:43:57,707] ERROR in app: Exception on / [GET]
Traceback (most recent call last):
  File "/usr/local/lib/python3.4/dist-packages/flask/app.py", line 1982, in wsgi_app
    response = self.full_dispatch_request()
  File "/usr/local/lib/python3.4/dist-packages/flask/app.py", line 1614, in full_dispatch_request
    rv = self.handle_user_exception(e)
  File "/usr/local/lib/python3.4/dist-packages/flask/app.py", line 1517, in handle_user_exception
    reraise(exc_type, exc_value, tb)
  File "/usr/local/lib/python3.4/dist-packages/flask/_compat.py", line 33, in reraise
    raise value
  File "/usr/local/lib/python3.4/dist-packages/flask/app.py", line 1612, in full_dispatch_request
    rv = self.dispatch_request()
  File "/usr/local/lib/python3.4/dist-packages/flask/app.py", line 1598, in dispatch_request
    return self.view_functions[rule.endpoint](**req.view_args)
  File "./run.py", line 16, in index
    dbHelper.getAllImagesFromAzureBlob("pictures","Pics/")
  File "./dbAzureBlob.py", line 27, in getAllImagesFromAzureBlob
    self.block_blob_service.get_blob_to_path(container, dest_folder + blob.name)
TypeError: get_blob_to_path() missing 1 required positional argument: 'file_path'
[pid: 8|app: 0|req: 1/1] 172.19.0.1 () {42 vars in 873 bytes} [Wed Oct 18 21:43:57 2017] GET / => generated 291 bytes in 381 msecs (HTTP/1.1 500) 2 headers in 84 bytes (1 switches on core 0)
[pid: 8|app: 0|req: 2/2] 172.19.0.1 () {42 vars in 852 bytes} [Wed Oct 18 21:43:58 2017] GET /favicon.ico => generated 233 bytes in 1 msecs (HTTP/1.1 404) 2 headers in 72 bytes (1 switches on core 0)
*** Starting uWSGI 2.0.15 (64bit) on [Wed Oct 18 21:48:08 2017] ***
compiled with version: 4.8.4 on 18 October 2017 21:45:51
os: Linux-4.9.49-moby #1 SMP Wed Sep 27 00:36:29 UTC 2017
nodename: 2e12047a7a27
machine: x86_64
clock source: unix
detected number of CPU cores: 2
current working directory: /
detected binary path: /usr/local/bin/uwsgi
!!! no internal routing support, rebuild with pcre support !!!
uWSGI running as root, you can use --uid/--gid/--chroot options
*** WARNING: you are running uWSGI as root !!! (use the --uid flag) *** 
chdir() to /var/www/app
*** WARNING: you are running uWSGI without its master process manager ***
your memory page size is 4096 bytes
detected max file descriptor number: 1048576
lock engine: pthread robust mutexes
thunder lock: disabled (you can enable it with --thunder-lock)
uwsgi socket 0 bound to UNIX address /var/www/app/uwsgi.sock fd 3
Python version: 3.4.3 (default, Nov 17 2016, 01:12:14)  [GCC 4.8.4]
*** Python threads support is disabled. You can enable it with --enable-threads ***
Python main interpreter initialized at 0xff9e00
your server socket listen backlog is limited to 100 connections
your mercy for graceful operations on workers is 60 seconds
mapped 72768 bytes (71 KB) for 1 cores
*** Operational MODE: single process ***
WSGI app 0 (mountpoint='') ready in 1 seconds on interpreter 0xff9e00 pid: 8 (default app)
*** uWSGI is running in multiple interpreter mode ***
spawned uWSGI worker 1 (and the only) (pid: 8, cores: 1)
[pid: 8|app: 0|req: 1/1] 172.19.0.1 () {44 vars in 904 bytes} [Wed Oct 18 21:48:15 2017] GET / => generated 22595 bytes in 14795 msecs (HTTP/1.1 200) 2 headers in 82 bytes (1 switches on core 0)
*** Starting uWSGI 2.0.15 (64bit) on [Wed Oct 18 22:01:01 2017] ***
compiled with version: 4.8.4 on 18 October 2017 21:45:51
os: Linux-4.9.49-moby #1 SMP Wed Sep 27 00:36:29 UTC 2017
nodename: 734d2f22e9c7
machine: x86_64
clock source: unix
detected number of CPU cores: 2
current working directory: /
detected binary path: /usr/local/bin/uwsgi
!!! no internal routing support, rebuild with pcre support !!!
uWSGI running as root, you can use --uid/--gid/--chroot options
*** WARNING: you are running uWSGI as root !!! (use the --uid flag) *** 
chdir() to /var/www/app
*** WARNING: you are running uWSGI without its master process manager ***
your memory page size is 4096 bytes
detected max file descriptor number: 1048576
lock engine: pthread robust mutexes
thunder lock: disabled (you can enable it with --thunder-lock)
uwsgi socket 0 bound to UNIX address /var/www/app/uwsgi.sock fd 3
Python version: 3.4.3 (default, Nov 17 2016, 01:12:14)  [GCC 4.8.4]
*** Python threads support is disabled. You can enable it with --enable-threads ***
Python main interpreter initialized at 0xa20e00
your server socket listen backlog is limited to 100 connections
your mercy for graceful operations on workers is 60 seconds
mapped 72768 bytes (71 KB) for 1 cores
*** Operational MODE: single process ***
WSGI app 0 (mountpoint='') ready in 0 seconds on interpreter 0xa20e00 pid: 8 (default app)
*** uWSGI is running in multiple interpreter mode ***
spawned uWSGI worker 1 (and the only) (pid: 8, cores: 1)
[pid: 8|app: 0|req: 1/1] 172.19.0.1 () {40 vars in 734 bytes} [Wed Oct 18 22:01:15 2017] GET / => generated 22595 bytes in 11307 msecs (HTTP/1.1 200) 2 headers in 82 bytes (1 switches on core 0)
